c:\users\attila\desktop\skola\3d projekt\directx projekt\directx projekt\debug\vc120.pdb
c:\users\attila\desktop\skola\3d projekt\directx projekt\directx projekt\debug\vc120.idb
d:\skola\3d projekt\directx projekt\directx projekt\debug\vc120.pdb
d:\skola\3d projekt\directx projekt\directx projekt\debug\vc120.idb
d:\skola\3d projekt\directx projekt\directx projekt\debug\main.obj
c:\users\attila\desktop\skola\3d projekt\directx projekt\debug\geometryshader.cso
c:\users\attila\desktop\skola\3d projekt\directx projekt\debug\pixelshader.cso
c:\users\attila\desktop\skola\3d projekt\directx projekt\debug\vertexshader.cso
d:\skola\3d projekt\directx projekt\debug\geometryshader.cso
d:\skola\3d projekt\directx projekt\debug\pixelshader.cso
d:\skola\3d projekt\directx projekt\debug\vertexshader.cso
d:\skola\3d projekt\directx projekt\debug\directx projekt.pdb
d:\skola\3d projekt\directx projekt\directx projekt\debug\directx projekt.tlog\cl.command.1.tlog
d:\skola\3d projekt\directx projekt\directx projekt\debug\directx projekt.tlog\cl.read.1.tlog
d:\skola\3d projekt\directx projekt\directx projekt\debug\directx projekt.tlog\cl.write.1.tlog
d:\skola\3d projekt\directx projekt\directx projekt\debug\directx projekt.tlog\directx projekt.write.1u.tlog
d:\skola\3d projekt\directx projekt\directx projekt\debug\directx projekt.tlog\fxc.command.1.tlog
d:\skola\3d projekt\directx projekt\directx projekt\debug\directx projekt.tlog\fxc.read.1.tlog
d:\skola\3d projekt\directx projekt\directx projekt\debug\directx projekt.tlog\fxc.write.1.tlog
d:\skola\3d projekt\directx projekt\directx projekt\debug\directx projekt.tlog\link-cvtres.read.1.tlog
d:\skola\3d projekt\directx projekt\directx projekt\debug\directx projekt.tlog\link-cvtres.write.1.tlog
d:\skola\3d projekt\directx projekt\directx projekt\debug\directx projekt.tlog\link-rc.read.1.tlog
d:\skola\3d projekt\directx projekt\directx projekt\debug\directx projekt.tlog\link-rc.write.1.tlog
d:\skola\3d projekt\directx projekt\directx projekt\debug\directx projekt.tlog\link.11116-cvtres.read.1.tlog
d:\skola\3d projekt\directx projekt\directx projekt\debug\directx projekt.tlog\link.11116-cvtres.write.1.tlog
d:\skola\3d projekt\directx projekt\directx projekt\debug\directx projekt.tlog\link.11116-rc.read.1.tlog
d:\skola\3d projekt\directx projekt\directx projekt\debug\directx projekt.tlog\link.11116-rc.write.1.tlog
d:\skola\3d projekt\directx projekt\directx projekt\debug\directx projekt.tlog\link.11116.read.1.tlog
d:\skola\3d projekt\directx projekt\directx projekt\debug\directx projekt.tlog\link.11116.write.1.tlog
d:\skola\3d projekt\directx projekt\directx projekt\debug\directx projekt.tlog\link.command.1.tlog
d:\skola\3d projekt\directx projekt\directx projekt\debug\directx projekt.tlog\link.read.1.tlog
d:\skola\3d projekt\directx projekt\directx projekt\debug\directx projekt.tlog\link.write.1.tlog
